-------------------------------------------------------------------------------
Test set: com.uniube.financeiro.ClienteTest
-------------------------------------------------------------------------------
Tests run: 5, Failures: 1, Errors: 3, Skipped: 0, Time elapsed: 0.095 s <<< FAILURE! -- in com.uniube.financeiro.ClienteTest
com.uniube.financeiro.ClienteTest.testEqualsHashCode -- Time elapsed: 0.016 s <<< FAILURE!
org.opentest4j.AssertionFailedError: expected: <null> but was: <Cliente{nome='Maria', cpf='12345678909'}>
	at org.junit.jupiter.api.AssertionFailureBuilder.build(AssertionFailureBuilder.java:151)
	at org.junit.jupiter.api.AssertionFailureBuilder.buildAndThrow(AssertionFailureBuilder.java:132)
	at org.junit.jupiter.api.AssertEquals.failNotEqual(AssertEquals.java:197)
	at org.junit.jupiter.api.AssertEquals.assertEquals(AssertEquals.java:182)
	at org.junit.jupiter.api.AssertEquals.assertEquals(AssertEquals.java:177)
	at org.junit.jupiter.api.Assertions.assertEquals(Assertions.java:1145)
	at com.uniube.financeiro.ClienteTest.testEqualsHashCode(ClienteTest.java:33)
	at java.base/java.lang.reflect.Method.invoke(Method.java:565)
	at java.base/java.util.ArrayList.forEach(ArrayList.java:1604)
	at java.base/java.util.ArrayList.forEach(ArrayList.java:1604)

com.uniube.financeiro.ClienteTest.testToString -- Time elapsed: 0.003 s <<< ERROR!
java.lang.NullPointerException: Cannot invoke "com.uniube.financeiro.Cliente.toString()" because "this.cliente" is null
	at com.uniube.financeiro.ClienteTest.testToString(ClienteTest.java:39)
	at java.base/java.lang.reflect.Method.invoke(Method.java:565)
	at java.base/java.util.ArrayList.forEach(ArrayList.java:1604)
	at java.base/java.util.ArrayList.forEach(ArrayList.java:1604)

com.uniube.financeiro.ClienteTest.testConstrutorValido -- Time elapsed: 0.003 s <<< ERROR!
java.lang.NullPointerException: Cannot invoke "com.uniube.financeiro.Cliente.getNome()" because "this.cliente" is null
	at com.uniube.financeiro.ClienteTest.testConstrutorValido(ClienteTest.java:19)
	at java.base/java.lang.reflect.Method.invoke(Method.java:565)
	at java.base/java.util.ArrayList.forEach(ArrayList.java:1604)
	at java.base/java.util.ArrayList.forEach(ArrayList.java:1604)

com.uniube.financeiro.ClienteTest.testCpfImutavel -- Time elapsed: 0.003 s <<< ERROR!
java.lang.NullPointerException: Cannot invoke "com.uniube.financeiro.Cliente.getCpf()" because "this.cliente" is null
	at com.uniube.financeiro.ClienteTest.testCpfImutavel(ClienteTest.java:26)
	at java.base/java.lang.reflect.Method.invoke(Method.java:565)
	at java.base/java.util.ArrayList.forEach(ArrayList.java:1604)
	at java.base/java.util.ArrayList.forEach(ArrayList.java:1604)

